# JRE version: OpenJDK Runtime Environment (8.0_242) (build 1.8.0_242-release-1644-b3-6222593)
# Java VM: OpenJDK 64-Bit Server VM (25.242-b3-6222593 mixed mode linux-amd64 compressed oops)
Heap:
 PSYoungGen      total 172544K, used 18412K [0x00000000d5580000, 0x00000000e1180000, 0x0000000100000000)
  eden space 154112K, 0% used [0x00000000d5580000,0x00000000d5580000,0x00000000dec00000)
  from space 18432K, 99% used [0x00000000dec00000,0x00000000dfdfb120,0x00000000dfe00000)
  to   space 17408K, 0% used [0x00000000dfe00000,0x00000000dfe00000,0x00000000e0f00000)
 ParOldGen       total 62976K, used 62561K [0x0000000080000000, 0x0000000083d80000, 0x00000000d5580000)
  object space 62976K, 99% used [0x0000000080000000,0x0000000083d184d8,0x0000000083d80000)
 Metaspace       used 83270K, capacity 87178K, committed 87208K, reserved 1124352K
  class space    used 11421K, capacity 12191K, committed 12208K, reserved 1048576K
GC Heap History (10 events):
Event: 94,347 GC heap after
Heap after GC invocations=21 (full 3):
 PSYoungGen      total 117760K, used 428K [0x00000000d5580000, 0x00000000df580000, 0x0000000100000000)
  eden space 105472K, 0% used [0x00000000d5580000,0x00000000d5580000,0x00000000dbc80000)
  from space 12288K, 3% used [0x00000000dcd80000,0x00000000dcdeb258,0x00000000dd980000)
  to   space 17408K, 0% used [0x00000000dbc80000,0x00000000dbc80000,0x00000000dcd80000)
 ParOldGen       total 59904K, used 33500K [0x0000000080000000, 0x0000000083a80000, 0x00000000d5580000)
  object space 59904K, 55% used [0x0000000080000000,0x00000000820b7170,0x0000000083a80000)
 Metaspace       used 55378K, capacity 57530K, committed 57768K, reserved 1099776K
  class space    used 7534K, capacity 8008K, committed 8112K, reserved 1048576K
}
Event: 110,377 GC heap before
{Heap before GC invocations=22 (full 3):
 PSYoungGen      total 117760K, used 105899K [0x00000000d5580000, 0x00000000df580000, 0x0000000100000000)
  eden space 105472K, 99% used [0x00000000d5580000,0x00000000dbc7fd18,0x00000000dbc80000)
  from space 12288K, 3% used [0x00000000dcd80000,0x00000000dcdeb258,0x00000000dd980000)
  to   space 17408K, 0% used [0x00000000dbc80000,0x00000000dbc80000,0x00000000dcd80000)
 ParOldGen       total 59904K, used 33500K [0x0000000080000000, 0x0000000083a80000, 0x00000000d5580000)
  object space 59904K, 55% used [0x0000000080000000,0x00000000820b7170,0x0000000083a80000)
 Metaspace       used 62412K, capacity 65180K, committed 65320K, reserved 1105920K
  class space    used 8668K, capacity 9185K, committed 9264K, reserved 1048576K
Event: 110,628 GC heap after
Heap after GC invocations=22 (full 3):
 PSYoungGen      total 122880K, used 11175K [0x00000000d5580000, 0x00000000df900000, 0x0000000100000000)
  eden space 105472K, 0% used [0x00000000d5580000,0x00000000d5580000,0x00000000dbc80000)
  from space 17408K, 64% used [0x00000000dbc80000,0x00000000dc769f60,0x00000000dcd80000)
  to   space 18432K, 0% used [0x00000000de700000,0x00000000de700000,0x00000000df900000)
 ParOldGen       total 59904K, used 33960K [0x0000000080000000, 0x0000000083a80000, 0x00000000d5580000)
  object space 59904K, 56% used [0x0000000080000000,0x000000008212a358,0x0000000083a80000)
 Metaspace       used 62412K, capacity 65180K, committed 65320K, reserved 1105920K
  class space    used 8668K, capacity 9185K, committed 9264K, reserved 1048576K
}
Event: 124,844 GC heap before
{Heap before GC invocations=23 (full 3):
 PSYoungGen      total 122880K, used 116647K [0x00000000d5580000, 0x00000000df900000, 0x0000000100000000)
  eden space 105472K, 100% used [0x00000000d5580000,0x00000000dbc80000,0x00000000dbc80000)
  from space 17408K, 64% used [0x00000000dbc80000,0x00000000dc769f60,0x00000000dcd80000)
  to   space 18432K, 0% used [0x00000000de700000,0x00000000de700000,0x00000000df900000)
 ParOldGen       total 59904K, used 33960K [0x0000000080000000, 0x0000000083a80000, 0x00000000d5580000)
  object space 59904K, 56% used [0x0000000080000000,0x000000008212a358,0x0000000083a80000)
 Metaspace       used 65153K, capacity 68108K, committed 68264K, reserved 1107968K
  class space    used 8967K, capacity 9551K, committed 9648K, reserved 1048576K
Event: 125,011 GC heap after
Heap after GC invocations=23 (full 3):
 PSYoungGen      total 143872K, used 4771K [0x00000000d5580000, 0x00000000df580000, 0x0000000100000000)
  eden space 129024K, 0% used [0x00000000d5580000,0x00000000d5580000,0x00000000dd380000)
  from space 14848K, 32% used [0x00000000de700000,0x00000000deba8ca8,0x00000000df580000)
  to   space 17408K, 0% used [0x00000000dd380000,0x00000000dd380000,0x00000000de480000)
 ParOldGen       total 59904K, used 39738K [0x0000000080000000, 0x0000000083a80000, 0x00000000d5580000)
  object space 59904K, 66% used [0x0000000080000000,0x00000000826ceb88,0x0000000083a80000)
 Metaspace       used 65153K, capacity 68108K, committed 68264K, reserved 1107968K
  class space    used 8967K, capacity 9551K, committed 9648K, reserved 1048576K
}
Event: 142,829 GC heap before
{Heap before GC invocations=24 (full 3):
 PSYoungGen      total 143872K, used 133795K [0x00000000d5580000, 0x00000000df580000, 0x0000000100000000)
  eden space 129024K, 100% used [0x00000000d5580000,0x00000000dd380000,0x00000000dd380000)
  from space 14848K, 32% used [0x00000000de700000,0x00000000deba8ca8,0x00000000df580000)
  to   space 17408K, 0% used [0x00000000dd380000,0x00000000dd380000,0x00000000de480000)
 ParOldGen       total 59904K, used 39738K [0x0000000080000000, 0x0000000083a80000, 0x00000000d5580000)
  object space 59904K, 66% used [0x0000000080000000,0x00000000826ceb88,0x0000000083a80000)
 Metaspace       used 69488K, capacity 72528K, committed 72872K, reserved 1112064K
  class space    used 9465K, capacity 10041K, committed 10160K, reserved 1048576K
Event: 142,952 GC heap after
Heap after GC invocations=24 (full 3):
 PSYoungGen      total 146432K, used 9293K [0x00000000d5580000, 0x00000000e0f00000, 0x0000000100000000)
  eden space 129024K, 0% used [0x00000000d5580000,0x00000000d5580000,0x00000000dd380000)
  from space 17408K, 53% used [0x00000000dd380000,0x00000000ddc937e8,0x00000000de480000)
  to   space 17408K, 0% used [0x00000000dfe00000,0x00000000dfe00000,0x00000000e0f00000)
 ParOldGen       total 59904K, used 43064K [0x0000000080000000, 0x0000000083a80000, 0x00000000d5580000)
  object space 59904K, 71% used [0x0000000080000000,0x0000000082a0e030,0x0000000083a80000)
 Metaspace       used 69488K, capacity 72528K, committed 72872K, reserved 1112064K
  class space    used 9465K, capacity 10041K, committed 10160K, reserved 1048576K
}
Event: 158,217 GC heap before
{Heap before GC invocations=25 (full 3):
 PSYoungGen      total 146432K, used 138317K [0x00000000d5580000, 0x00000000e0f00000, 0x0000000100000000)
  eden space 129024K, 100% used [0x00000000d5580000,0x00000000dd380000,0x00000000dd380000)
  from space 17408K, 53% used [0x00000000dd380000,0x00000000ddc937e8,0x00000000de480000)
  to   space 17408K, 0% used [0x00000000dfe00000,0x00000000dfe00000,0x00000000e0f00000)
 ParOldGen       total 59904K, used 43064K [0x0000000080000000, 0x0000000083a80000, 0x00000000d5580000)
  object space 59904K, 71% used [0x0000000080000000,0x0000000082a0e030,0x0000000083a80000)
 Metaspace       used 76011K, capacity 79270K, committed 79528K, reserved 1118208K
  class space    used 10265K, capacity 10901K, committed 10928K, reserved 1048576K
Event: 158,479 GC heap after
Heap after GC invocations=25 (full 3):
 PSYoungGen      total 171520K, used 12969K [0x00000000d5580000, 0x00000000e1180000, 0x0000000100000000)
  eden space 154112K, 0% used [0x00000000d5580000,0x00000000d5580000,0x00000000dec00000)
  from space 17408K, 74% used [0x00000000dfe00000,0x00000000e0aaa4a8,0x00000000e0f00000)
  to   space 18432K, 0% used [0x00000000dec00000,0x00000000dec00000,0x00000000dfe00000)
 ParOldGen       total 59904K, used 48063K [0x0000000080000000, 0x0000000083a80000, 0x00000000d5580000)
  object space 59904K, 80% used [0x0000000080000000,0x0000000082eefca8,0x0000000083a80000)
 Metaspace       used 76011K, capacity 79270K, committed 79528K, reserved 1118208K
  class space    used 10265K, capacity 10901K, committed 10928K, reserved 1048576K
}
Event: 170,883 GC heap before
{Heap before GC invocations=26 (full 3):
 PSYoungGen      total 171520K, used 167081K [0x00000000d5580000, 0x00000000e1180000, 0x0000000100000000)
  eden space 154112K, 100% used [0x00000000d5580000,0x00000000dec00000,0x00000000dec00000)
  from space 17408K, 74% used [0x00000000dfe00000,0x00000000e0aaa4a8,0x00000000e0f00000)
  to   space 18432K, 0% used [0x00000000dec00000,0x00000000dec00000,0x00000000dfe00000)
 ParOldGen       total 59904K, used 48063K [0x0000000080000000, 0x0000000083a80000, 0x00000000d5580000)
  object space 59904K, 80% used [0x0000000080000000,0x0000000082eefca8,0x0000000083a80000)
 Metaspace       used 83270K, capacity 87178K, committed 87208K, reserved 1124352K
  class space    used 11421K, capacity 12191K, committed 12208K, reserved 1048576K

