# JRE version: OpenJDK Runtime Environment (8.0_242) (build 1.8.0_242-release-1644-b3-6222593)
# Java VM: OpenJDK 64-Bit Server VM (25.242-b3-6222593 mixed mode linux-amd64 compressed oops)
Heap:
 PSYoungGen      total 172544K, used 23011K [0x00000000d5580000, 0x00000000e3400000, 0x0000000100000000)
  eden space 149504K, 0% used [0x00000000d5580000,0x00000000d5580000,0x00000000de780000)
  from space 23040K, 99% used [0x00000000e1d80000,0x00000000e33f8c80,0x00000000e3400000)
  to   space 16896K, 0% used [0x00000000de780000,0x00000000de780000,0x00000000df800000)
 ParOldGen       total 67072K, used 66878K [0x0000000080000000, 0x0000000084180000, 0x00000000d5580000)
  object space 67072K, 99% used [0x0000000080000000,0x000000008414fa58,0x0000000084180000)
 Metaspace       used 79952K, capacity 84230K, committed 84504K, reserved 1122304K
  class space    used 11111K, capacity 11955K, committed 12080K, reserved 1048576K
GC Heap History (10 events):
Event: 60,087 GC heap after
Heap after GC invocations=18 (full 2):
 PSYoungGen      total 137216K, used 9187K [0x00000000d5580000, 0x00000000df080000, 0x0000000100000000)
  eden space 128000K, 0% used [0x00000000d5580000,0x00000000d5580000,0x00000000dd280000)
  from space 9216K, 99% used [0x00000000de000000,0x00000000de8f8c08,0x00000000de900000)
  to   space 13824K, 0% used [0x00000000dd280000,0x00000000dd280000,0x00000000de000000)
 ParOldGen       total 35328K, used 23773K [0x0000000080000000, 0x0000000082280000, 0x00000000d5580000)
  object space 35328K, 67% used [0x0000000080000000,0x00000000817375f8,0x0000000082280000)
 Metaspace       used 48214K, capacity 50028K, committed 50216K, reserved 1093632K
  class space    used 6467K, capacity 6848K, committed 6960K, reserved 1048576K
}
Event: 72,004 GC heap before
{Heap before GC invocations=19 (full 2):
 PSYoungGen      total 137216K, used 110584K [0x00000000d5580000, 0x00000000df080000, 0x0000000100000000)
  eden space 128000K, 79% used [0x00000000d5580000,0x00000000db885620,0x00000000dd280000)
  from space 9216K, 99% used [0x00000000de000000,0x00000000de8f8c08,0x00000000de900000)
  to   space 13824K, 0% used [0x00000000dd280000,0x00000000dd280000,0x00000000de000000)
 ParOldGen       total 35328K, used 23773K [0x0000000080000000, 0x0000000082280000, 0x00000000d5580000)
  object space 35328K, 67% used [0x0000000080000000,0x00000000817375f8,0x0000000082280000)
 Metaspace       used 56857K, capacity 59094K, committed 59160K, reserved 1099776K
  class space    used 7783K, capacity 8230K, committed 8240K, reserved 1048576K
Event: 72,159 GC heap after
Heap after GC invocations=19 (full 2):
 PSYoungGen      total 141824K, used 12270K [0x00000000d5580000, 0x00000000e0a00000, 0x0000000100000000)
  eden space 128000K, 0% used [0x00000000d5580000,0x00000000d5580000,0x00000000dd280000)
  from space 13824K, 88% used [0x00000000dd280000,0x00000000dde7bb78,0x00000000de000000)
  to   space 15872K, 0% used [0x00000000dfa80000,0x00000000dfa80000,0x00000000e0a00000)
 ParOldGen       total 35328K, used 29599K [0x0000000080000000, 0x0000000082280000, 0x00000000d5580000)
  object space 35328K, 83% used [0x0000000080000000,0x0000000081ce7f28,0x0000000082280000)
 Metaspace       used 56857K, capacity 59094K, committed 59160K, reserved 1099776K
  class space    used 7783K, capacity 8230K, committed 8240K, reserved 1048576K
}
Event: 72,159 GC heap before
{Heap before GC invocations=20 (full 3):
 PSYoungGen      total 141824K, used 12270K [0x00000000d5580000, 0x00000000e0a00000, 0x0000000100000000)
  eden space 128000K, 0% used [0x00000000d5580000,0x00000000d5580000,0x00000000dd280000)
  from space 13824K, 88% used [0x00000000dd280000,0x00000000dde7bb78,0x00000000de000000)
  to   space 15872K, 0% used [0x00000000dfa80000,0x00000000dfa80000,0x00000000e0a00000)
 ParOldGen       total 35328K, used 29599K [0x0000000080000000, 0x0000000082280000, 0x00000000d5580000)
  object space 35328K, 83% used [0x0000000080000000,0x0000000081ce7f28,0x0000000082280000)
 Metaspace       used 56857K, capacity 59094K, committed 59160K, reserved 1099776K
  class space    used 7783K, capacity 8230K, committed 8240K, reserved 1048576K
Event: 73,057 GC heap after
Heap after GC invocations=20 (full 3):
 PSYoungGen      total 141824K, used 0K [0x00000000d5580000, 0x00000000e0a00000, 0x0000000100000000)
  eden space 128000K, 0% used [0x00000000d5580000,0x00000000d5580000,0x00000000dd280000)
  from space 13824K, 0% used [0x00000000dd280000,0x00000000dd280000,0x00000000de000000)
  to   space 15872K, 0% used [0x00000000dfa80000,0x00000000dfa80000,0x00000000e0a00000)
 ParOldGen       total 64000K, used 33926K [0x0000000080000000, 0x0000000083e80000, 0x00000000d5580000)
  object space 64000K, 53% used [0x0000000080000000,0x0000000082121aa8,0x0000000083e80000)
 Metaspace       used 56855K, capacity 59088K, committed 59160K, reserved 1099776K
  class space    used 7782K, capacity 8229K, committed 8240K, reserved 1048576K
}
Event: 89,872 GC heap before
{Heap before GC invocations=21 (full 3):
 PSYoungGen      total 141824K, used 127903K [0x00000000d5580000, 0x00000000e0a00000, 0x0000000100000000)
  eden space 128000K, 99% used [0x00000000d5580000,0x00000000dd267f08,0x00000000dd280000)
  from space 13824K, 0% used [0x00000000dd280000,0x00000000dd280000,0x00000000de000000)
  to   space 15872K, 0% used [0x00000000dfa80000,0x00000000dfa80000,0x00000000e0a00000)
 ParOldGen       total 64000K, used 33926K [0x0000000080000000, 0x0000000083e80000, 0x00000000d5580000)
  object space 64000K, 53% used [0x0000000080000000,0x0000000082121aa8,0x0000000083e80000)
 Metaspace       used 62820K, capacity 65592K, committed 65816K, reserved 1105920K
  class space    used 8679K, capacity 9197K, committed 9264K, reserved 1048576K
Event: 90,058 GC heap after
Heap after GC invocations=21 (full 3):
 PSYoungGen      total 163840K, used 11956K [0x00000000d5580000, 0x00000000e0880000, 0x0000000100000000)
  eden space 149504K, 0% used [0x00000000d5580000,0x00000000d5580000,0x00000000de780000)
  from space 14336K, 83% used [0x00000000dfa80000,0x00000000e062d170,0x00000000e0880000)
  to   space 16896K, 0% used [0x00000000de780000,0x00000000de780000,0x00000000df800000)
 ParOldGen       total 64000K, used 33934K [0x0000000080000000, 0x0000000083e80000, 0x00000000d5580000)
  object space 64000K, 53% used [0x0000000080000000,0x0000000082123aa8,0x0000000083e80000)
 Metaspace       used 62820K, capacity 65592K, committed 65816K, reserved 1105920K
  class space    used 8679K, capacity 9197K, committed 9264K, reserved 1048576K
}
Event: 112,427 GC heap before
{Heap before GC invocations=22 (full 3):
 PSYoungGen      total 163840K, used 161460K [0x00000000d5580000, 0x00000000e0880000, 0x0000000100000000)
  eden space 149504K, 100% used [0x00000000d5580000,0x00000000de780000,0x00000000de780000)
  from space 14336K, 83% used [0x00000000dfa80000,0x00000000e062d170,0x00000000e0880000)
  to   space 16896K, 0% used [0x00000000de780000,0x00000000de780000,0x00000000df800000)
 ParOldGen       total 64000K, used 33934K [0x0000000080000000, 0x0000000083e80000, 0x00000000d5580000)
  object space 64000K, 53% used [0x0000000080000000,0x0000000082123aa8,0x0000000083e80000)
 Metaspace       used 72423K, capacity 75874K, committed 75928K, reserved 1114112K
  class space    used 9969K, capacity 10641K, committed 10672K, reserved 1048576K
Event: 113,637 GC heap after
Heap after GC invocations=22 (full 3):
 PSYoungGen      total 166400K, used 16883K [0x00000000d5580000, 0x00000000e3400000, 0x0000000100000000)
  eden space 149504K, 0% used [0x00000000d5580000,0x00000000d5580000,0x00000000de780000)
  from space 16896K, 99% used [0x00000000de780000,0x00000000df7fcc70,0x00000000df800000)
  to   space 23040K, 0% used [0x00000000e1d80000,0x00000000e1d80000,0x00000000e3400000)
 ParOldGen       total 64000K, used 42139K [0x0000000080000000, 0x0000000083e80000, 0x00000000d5580000)
  object space 64000K, 65% used [0x0000000080000000,0x0000000082926c00,0x0000000083e80000)
 Metaspace       used 72423K, capacity 75874K, committed 75928K, reserved 1114112K
  class space    used 9969K, capacity 10641K, committed 10672K, reserved 1048576K
}
Event: 161,082 GC heap before
{Heap before GC invocations=23 (full 3):
 PSYoungGen      total 166400K, used 166387K [0x00000000d5580000, 0x00000000e3400000, 0x0000000100000000)
  eden space 149504K, 100% used [0x00000000d5580000,0x00000000de780000,0x00000000de780000)
  from space 16896K, 99% used [0x00000000de780000,0x00000000df7fcc70,0x00000000df800000)
  to   space 23040K, 0% used [0x00000000e1d80000,0x00000000e1d80000,0x00000000e3400000)
 ParOldGen       total 64000K, used 42139K [0x0000000080000000, 0x0000000083e80000, 0x00000000d5580000)
  object space 64000K, 65% used [0x0000000080000000,0x0000000082926c00,0x0000000083e80000)
 Metaspace       used 79952K, capacity 84230K, committed 84504K, reserved 1122304K
  class space    used 11111K, capacity 11955K, committed 12080K, reserved 1048576K

